<?xml version="1.0" encoding="UTF-8"?>
<beans xmlns="http://www.springframework.org/schema/beans" xmlns:aop="http://www.springframework.org/schema/aop" xmlns:tx="http://www.springframework.org/schema/tx" xmlns:xsi="http://www.w3.org/2001/XMLSchema-instance"
    default-init-method="afterPropertiesSet"
    xsi:schemaLocation="http://www.springframework.org/schema/aop http://www.springframework.org/schema/aop/spring-aop-2.5.xsd http://www.springframework.org/schema/beans http://www.springframework.org/schema/beans/spring-beans-2.5.xsd http://www.springframework.org/schema/tx http://www.springframework.org/schema/tx/spring-tx-2.5.xsd"
>

    <bean id="liferayDataSource" class="org.springframework.jdbc.datasource.LazyConnectionDataSourceProxy">
        <property name="targetDataSource">
            <bean class="org.climatecollaboratorium.test.DataSourceFactoryBean">
                <property name="propertyPrefix" value="jdbc.default." />
            </bean>
        </property>
    </bean>

    <bean id="mailSession" class="com.liferay.mail.util.MailSessionFactoryBean">
        <property name="propertyPrefix" value="mail.session." />
    </bean>
    
    <bean id="com.liferay.portal.kernel.util.InfrastructureUtil" class="com.liferay.portal.kernel.util.InfrastructureUtil">
        <property name="dataSource" ref="liferayDataSource" />
        <property name="mailSession" ref="mailSession" />
    </bean>

</beans>